<?xml version="1.0" encoding="UTF-8"?>
<testsuite name="com.jojoldu.book.springboot.web.IndexControllerTest" tests="1" skipped="0" failures="0" errors="0" timestamp="2021-02-27T14:40:28" hostname="DESKTOP-RN2MOS5" time="0.292">
  <properties/>
  <testcase name="MainPage_Loading" classname="com.jojoldu.book.springboot.web.IndexControllerTest" time="0.292"/>
  <system-out><![CDATA[
  .   ____          _            __ _ _
 /\\ / ___'_ __ _ _(_)_ __  __ _ \ \ \ \
( ( )\___ | '_ | '_| | '_ \/ _` | \ \ \ \
 \\/  ___)| |_)| | | | | || (_| |  ) ) ) )
  '  |____| .__|_| |_|_| |_\__, | / / / /
 =========|_|==============|___/=/_/_/_/
 :: Spring Boot ::        (v2.2.0.RELEASE)

2021-02-27 23:40:22.496  INFO 21872 --- [    Test worker] c.j.b.s.web.IndexControllerTest          : Starting IndexControllerTest on DESKTOP-RN2MOS5 with PID 21872 (started by KweonYeongKee in C:\Users\KweonYeongKee\IdeaProjects\freelec-springboot)
2021-02-27 23:40:22.496  INFO 21872 --- [    Test worker] c.j.b.s.web.IndexControllerTest          : No active profile set, falling back to default profiles: default
2021-02-27 23:40:23.310  INFO 21872 --- [    Test worker] .s.d.r.c.RepositoryConfigurationDelegate : Bootstrapping Spring Data repositories in DEFAULT mode.
2021-02-27 23:40:23.465  INFO 21872 --- [    Test worker] .s.d.r.c.RepositoryConfigurationDelegate : Finished Spring Data repository scanning in 154ms. Found 2 repository interfaces.
2021-02-27 23:40:23.851  INFO 21872 --- [    Test worker] trationDelegate$BeanPostProcessorChecker : Bean 'org.springframework.transaction.annotation.ProxyTransactionManagementConfiguration' of type [org.springframework.transaction.annotation.ProxyTransactionManagementConfiguration] is not eligible for getting processed by all BeanPostProcessors (for example: not eligible for auto-proxying)
2021-02-27 23:40:24.999  INFO 21872 --- [    Test worker] o.s.b.w.embedded.tomcat.TomcatWebServer  : Tomcat initialized with port(s): 0 (http)
2021-02-27 23:40:25.026  INFO 21872 --- [    Test worker] o.apache.catalina.core.StandardService   : Starting service [Tomcat]
2021-02-27 23:40:25.026  INFO 21872 --- [    Test worker] org.apache.catalina.core.StandardEngine  : Starting Servlet engine: [Apache Tomcat/9.0.27]
2021-02-27 23:40:25.526  INFO 21872 --- [    Test worker] o.a.c.c.C.[Tomcat].[localhost].[/]       : Initializing Spring embedded WebApplicationContext
2021-02-27 23:40:25.527  INFO 21872 --- [    Test worker] o.s.web.context.ContextLoader            : Root WebApplicationContext: initialization completed in 3022 ms
2021-02-27 23:40:25.623  INFO 21872 --- [    Test worker] com.zaxxer.hikari.HikariDataSource       : HikariPool-2 - Starting...
2021-02-27 23:40:25.627  INFO 21872 --- [    Test worker] com.zaxxer.hikari.HikariDataSource       : HikariPool-2 - Start completed.
2021-02-27 23:40:25.627  INFO 21872 --- [    Test worker] o.s.b.a.h2.H2ConsoleAutoConfiguration    : H2 console available at '/h2-console'. Database available at 'jdbc:h2:mem:testdb'
2021-02-27 23:40:26.206  INFO 21872 --- [    Test worker] o.hibernate.jpa.internal.util.LogHelper  : HHH000204: Processing PersistenceUnitInfo [name: default]
2021-02-27 23:40:26.227  INFO 21872 --- [    Test worker] org.hibernate.dialect.Dialect            : HHH000400: Using dialect: org.hibernate.dialect.MySQL5InnoDBDialect
Hibernate: drop table if exists posts
Hibernate: drop table if exists user
Hibernate: create table posts (id bigint not null auto_increment, created_date datetime, modified_date datetime, author varchar(255), content TEXT not null, title varchar(500) not null, primary key (id)) engine=InnoDB
Hibernate: create table user (id bigint not null auto_increment, created_date datetime, modified_date datetime, email varchar(255) not null, name varchar(255) not null, picture varchar(255), role varchar(255) not null, primary key (id)) engine=InnoDB
2021-02-27 23:40:26.342  INFO 21872 --- [    Test worker] o.h.e.t.j.p.i.JtaPlatformInitiator       : HHH000490: Using JtaPlatform implementation: [org.hibernate.engine.transaction.jta.platform.internal.NoJtaPlatform]
2021-02-27 23:40:26.342  INFO 21872 --- [    Test worker] j.LocalContainerEntityManagerFactoryBean : Initialized JPA EntityManagerFactory for persistence unit 'default'
2021-02-27 23:40:26.930  WARN 21872 --- [    Test worker] JpaBaseConfiguration$JpaWebConfiguration : spring.jpa.open-in-view is enabled by default. Therefore, database queries may be performed during view rendering. Explicitly configure spring.jpa.open-in-view to disable this warning
2021-02-27 23:40:27.778  INFO 21872 --- [    Test worker] o.s.s.web.DefaultSecurityFilterChain     : Creating filter chain: any request, [org.springframework.security.web.context.request.async.WebAsyncManagerIntegrationFilter@2185a214, org.springframework.security.web.context.SecurityContextPersistenceFilter@20ecd521, org.springframework.security.web.header.HeaderWriterFilter@6ff52d6a, org.springframework.security.web.authentication.logout.LogoutFilter@31714d6b, org.springframework.security.oauth2.client.web.OAuth2AuthorizationRequestRedirectFilter@a476ffa, org.springframework.security.oauth2.client.web.OAuth2LoginAuthenticationFilter@64651840, org.springframework.security.web.authentication.ui.DefaultLoginPageGeneratingFilter@7c71300c, org.springframework.security.web.authentication.ui.DefaultLogoutPageGeneratingFilter@d262efb, org.springframework.security.web.savedrequest.RequestCacheAwareFilter@7a1853e, org.springframework.security.web.servletapi.SecurityContextHolderAwareRequestFilter@41f966dd, org.springframework.security.web.authentication.AnonymousAuthenticationFilter@3cafa81a, org.springframework.security.web.session.SessionManagementFilter@572d5315, org.springframework.security.web.access.ExceptionTranslationFilter@599fceac, org.springframework.security.web.access.intercept.FilterSecurityInterceptor@22b1c7d8]
2021-02-27 23:40:28.074  INFO 21872 --- [    Test worker] o.s.s.concurrent.ThreadPoolTaskExecutor  : Initializing ExecutorService 'applicationTaskExecutor'
2021-02-27 23:40:28.126  INFO 21872 --- [    Test worker] o.s.b.a.w.s.WelcomePageHandlerMapping    : Adding welcome page template: index
2021-02-27 23:40:28.865  INFO 21872 --- [    Test worker] s.a.ScheduledAnnotationBeanPostProcessor : No TaskScheduler/ScheduledExecutorService bean found for scheduled processing
2021-02-27 23:40:28.899  INFO 21872 --- [    Test worker] o.s.b.w.embedded.tomcat.TomcatWebServer  : Tomcat started on port(s): 57239 (http) with context path ''
2021-02-27 23:40:28.900  INFO 21872 --- [    Test worker] c.j.b.s.web.IndexControllerTest          : Started IndexControllerTest in 6.515 seconds (JVM running for 23.534)
2021-02-27 23:40:29.048  INFO 21872 --- [o-auto-1-exec-1] o.a.c.c.C.[Tomcat].[localhost].[/]       : Initializing Spring DispatcherServlet 'dispatcherServlet'
2021-02-27 23:40:29.048  INFO 21872 --- [o-auto-1-exec-1] o.s.web.servlet.DispatcherServlet        : Initializing Servlet 'dispatcherServlet'
2021-02-27 23:40:29.085  INFO 21872 --- [o-auto-1-exec-1] o.s.web.servlet.DispatcherServlet        : Completed initialization in 37 ms
Hibernate: select posts0_.id as id1_0_, posts0_.created_date as created_2_0_, posts0_.modified_date as modified3_0_, posts0_.author as author4_0_, posts0_.content as content5_0_, posts0_.title as title6_0_ from posts posts0_ order by posts0_.id DESC
]]></system-out>
  <system-err><![CDATA[]]></system-err>
</testsuite>
