<?xml version="1.0" encoding="UTF-8"?>
<testsuite name="com.jojoldu.book.springboot.web.HelloControllerTest" tests="2" skipped="0" failures="0" errors="0" timestamp="2021-02-27T14:40:22" hostname="DESKTOP-RN2MOS5" time="0.363">
  <properties/>
  <testcase name="return_helloDto" classname="com.jojoldu.book.springboot.web.HelloControllerTest" time="0.345"/>
  <testcase name="return_hello" classname="com.jojoldu.book.springboot.web.HelloControllerTest" time="0.016"/>
  <system-out><![CDATA[
  .   ____          _            __ _ _
 /\\ / ___'_ __ _ _(_)_ __  __ _ \ \ \ \
( ( )\___ | '_ | '_| | '_ \/ _` | \ \ \ \
 \\/  ___)| |_)| | | | | || (_| |  ) ) ) )
  '  |____| .__|_| |_|_| |_\__, | / / / /
 =========|_|==============|___/=/_/_/_/
 :: Spring Boot ::        (v2.2.0.RELEASE)

2021-02-27 23:40:19.146  INFO 21872 --- [    Test worker] c.j.b.s.web.HelloControllerTest          : Starting HelloControllerTest on DESKTOP-RN2MOS5 with PID 21872 (started by KweonYeongKee in C:\Users\KweonYeongKee\IdeaProjects\freelec-springboot)
2021-02-27 23:40:19.149  INFO 21872 --- [    Test worker] c.j.b.s.web.HelloControllerTest          : No active profile set, falling back to default profiles: default
2021-02-27 23:40:20.551  INFO 21872 --- [    Test worker] o.s.s.concurrent.ThreadPoolTaskExecutor  : Initializing ExecutorService 'applicationTaskExecutor'
2021-02-27 23:40:20.692  INFO 21872 --- [    Test worker] o.s.b.a.w.s.WelcomePageHandlerMapping    : Adding welcome page template: index
2021-02-27 23:40:21.294  INFO 21872 --- [    Test worker] .s.s.UserDetailsServiceAutoConfiguration : 

Using generated security password: e4305eb7-6845-419b-b446-bd4f32940e16

2021-02-27 23:40:21.803  INFO 21872 --- [    Test worker] o.s.s.web.DefaultSecurityFilterChain     : Creating filter chain: any request, [org.springframework.security.web.context.request.async.WebAsyncManagerIntegrationFilter@6dd6315b, org.springframework.security.web.context.SecurityContextPersistenceFilter@4a8aaf76, org.springframework.security.web.header.HeaderWriterFilter@5f9384c7, org.springframework.security.web.csrf.CsrfFilter@1be37405, org.springframework.security.web.authentication.logout.LogoutFilter@5ae37531, org.springframework.security.web.authentication.UsernamePasswordAuthenticationFilter@6ef5c4ab, org.springframework.security.web.authentication.ui.DefaultLoginPageGeneratingFilter@39f6ddb8, org.springframework.security.web.authentication.ui.DefaultLogoutPageGeneratingFilter@5833bd93, org.springframework.security.web.authentication.www.BasicAuthenticationFilter@73aa33d4, org.springframework.security.web.savedrequest.RequestCacheAwareFilter@21086f31, org.springframework.security.web.servletapi.SecurityContextHolderAwareRequestFilter@627e726b, org.springframework.security.web.authentication.AnonymousAuthenticationFilter@7aa501d2, org.springframework.security.web.session.SessionManagementFilter@5fd0906c, org.springframework.security.web.access.ExceptionTranslationFilter@bec10b6, org.springframework.security.web.access.intercept.FilterSecurityInterceptor@b45ede0]
2021-02-27 23:40:21.946  INFO 21872 --- [    Test worker] o.s.b.t.m.w.SpringBootMockServletContext : Initializing Spring TestDispatcherServlet ''
2021-02-27 23:40:21.946  INFO 21872 --- [    Test worker] o.s.t.web.servlet.TestDispatcherServlet  : Initializing Servlet ''
2021-02-27 23:40:21.980  INFO 21872 --- [    Test worker] o.s.t.web.servlet.TestDispatcherServlet  : Completed initialization in 34 ms
2021-02-27 23:40:22.010  INFO 21872 --- [    Test worker] c.j.b.s.web.HelloControllerTest          : Started HelloControllerTest in 3.083 seconds (JVM running for 16.644)
]]></system-out>
  <system-err><![CDATA[]]></system-err>
</testsuite>
