<?xml version="1.0" encoding="UTF-8"?>
<testsuite name="com.jojoldu.book.springboot.web.dto.HelloResponseDtoTest" tests="1" skipped="0" failures="0" errors="0" timestamp="2021-02-27T14:40:18" hostname="DESKTOP-RN2MOS5" time="0.014">
  <properties/>
  <testcase name="test_lom" classname="com.jojoldu.book.springboot.web.dto.HelloResponseDtoTest" time="0.014"/>
  <system-out><![CDATA[]]></system-out>
  <system-err><![CDATA[]]></system-err>
</testsuite>
